2020-03-23 00:27:52,887 INFO o.s.t.c.s.DefaultTestContextBootstrapper [main] Loaded default TestExecutionListener class names from location [META-INF/spring.factories]: [org.springframework.test.context.web.ServletTestExecutionListener, org.springframework.test.context.support.DirtiesContextBeforeModesTestExecutionListener, org.springframework.test.context.support.DependencyInjectionTestExecutionListener, org.springframework.test.context.support.DirtiesContextTestExecutionListener, org.springframework.test.context.transaction.TransactionalTestExecutionListener, org.springframework.test.context.jdbc.SqlScriptsTestExecutionListener, org.springframework.test.context.event.EventPublishingTestExecutionListener]
2020-03-23 00:27:52,919 INFO o.s.t.c.s.DefaultTestContextBootstrapper [main] Using TestExecutionListeners: [org.springframework.test.context.support.DirtiesContextBeforeModesTestExecutionListener@3d9f6567, org.springframework.test.context.support.DependencyInjectionTestExecutionListener@c055c54, org.springframework.test.context.support.DirtiesContextTestExecutionListener@25e2ab5a, org.springframework.test.context.transaction.TransactionalTestExecutionListener@35e5d0e5, org.springframework.test.context.jdbc.SqlScriptsTestExecutionListener@73173f63, org.springframework.test.context.event.EventPublishingTestExecutionListener@55562aa9]
2020-03-23 00:27:53,721 INFO o.h.j.i.u.LogHelper [main] HHH000204: Processing PersistenceUnitInfo [name: default]
2020-03-23 00:27:53,829 INFO o.h.Version [main] HHH000412: Hibernate ORM core version 5.4.12.Final
2020-03-23 00:27:54,020 INFO o.h.a.c.Version [main] HCANN000001: Hibernate Commons Annotations {5.1.0.Final}
2020-03-23 00:27:54,611 INFO o.h.d.Dialect [main] HHH000400: Using dialect: org.hibernate.dialect.H2Dialect
2020-03-23 00:27:55,791 INFO o.h.e.t.j.p.i.JtaPlatformInitiator [main] HHH000490: Using JtaPlatform implementation: [org.hibernate.engine.transaction.jta.platform.internal.NoJtaPlatform]
2020-03-23 00:27:55,804 INFO o.s.o.j.LocalContainerEntityManagerFactoryBean [main] Initialized JPA EntityManagerFactory for persistence unit 'default'
2020-03-23 00:27:56,236 ERROR f.e.q.t.TestExamDataService [main] null
2020-03-23 00:33:45,581 INFO o.s.t.c.s.DefaultTestContextBootstrapper [main] Loaded default TestExecutionListener class names from location [META-INF/spring.factories]: [org.springframework.test.context.web.ServletTestExecutionListener, org.springframework.test.context.support.DirtiesContextBeforeModesTestExecutionListener, org.springframework.test.context.support.DependencyInjectionTestExecutionListener, org.springframework.test.context.support.DirtiesContextTestExecutionListener, org.springframework.test.context.transaction.TransactionalTestExecutionListener, org.springframework.test.context.jdbc.SqlScriptsTestExecutionListener, org.springframework.test.context.event.EventPublishingTestExecutionListener]
2020-03-23 00:33:45,602 INFO o.s.t.c.s.DefaultTestContextBootstrapper [main] Using TestExecutionListeners: [org.springframework.test.context.support.DirtiesContextBeforeModesTestExecutionListener@1dd6d4b7, org.springframework.test.context.support.DependencyInjectionTestExecutionListener@56e8b606, org.springframework.test.context.support.DirtiesContextTestExecutionListener@2dd29a59, org.springframework.test.context.transaction.TransactionalTestExecutionListener@784c3487, org.springframework.test.context.jdbc.SqlScriptsTestExecutionListener@53142455, org.springframework.test.context.event.EventPublishingTestExecutionListener@40dff0b7]
2020-03-23 00:33:46,460 INFO o.h.j.i.u.LogHelper [main] HHH000204: Processing PersistenceUnitInfo [name: default]
2020-03-23 00:33:46,577 INFO o.h.Version [main] HHH000412: Hibernate ORM core version 5.4.12.Final
2020-03-23 00:33:46,763 INFO o.h.a.c.Version [main] HCANN000001: Hibernate Commons Annotations {5.1.0.Final}
2020-03-23 00:33:47,325 INFO o.h.d.Dialect [main] HHH000400: Using dialect: org.hibernate.dialect.H2Dialect
2020-03-23 00:33:48,582 INFO o.h.e.t.j.p.i.JtaPlatformInitiator [main] HHH000490: Using JtaPlatform implementation: [org.hibernate.engine.transaction.jta.platform.internal.NoJtaPlatform]
2020-03-23 00:33:48,595 INFO o.s.o.j.LocalContainerEntityManagerFactoryBean [main] Initialized JPA EntityManagerFactory for persistence unit 'default'
2020-03-23 00:33:48,935 ERROR f.e.q.t.TestExamDataService [main] null
2020-03-23 00:34:13,348 INFO o.s.t.c.s.DefaultTestContextBootstrapper [main] Loaded default TestExecutionListener class names from location [META-INF/spring.factories]: [org.springframework.test.context.web.ServletTestExecutionListener, org.springframework.test.context.support.DirtiesContextBeforeModesTestExecutionListener, org.springframework.test.context.support.DependencyInjectionTestExecutionListener, org.springframework.test.context.support.DirtiesContextTestExecutionListener, org.springframework.test.context.transaction.TransactionalTestExecutionListener, org.springframework.test.context.jdbc.SqlScriptsTestExecutionListener, org.springframework.test.context.event.EventPublishingTestExecutionListener]
2020-03-23 00:34:13,372 INFO o.s.t.c.s.DefaultTestContextBootstrapper [main] Using TestExecutionListeners: [org.springframework.test.context.support.DirtiesContextBeforeModesTestExecutionListener@1dd6d4b7, org.springframework.test.context.support.DependencyInjectionTestExecutionListener@56e8b606, org.springframework.test.context.support.DirtiesContextTestExecutionListener@2dd29a59, org.springframework.test.context.transaction.TransactionalTestExecutionListener@784c3487, org.springframework.test.context.jdbc.SqlScriptsTestExecutionListener@53142455, org.springframework.test.context.event.EventPublishingTestExecutionListener@40dff0b7]
2020-03-23 00:34:14,198 INFO o.h.j.i.u.LogHelper [main] HHH000204: Processing PersistenceUnitInfo [name: default]
2020-03-23 00:34:14,298 INFO o.h.Version [main] HHH000412: Hibernate ORM core version 5.4.12.Final
2020-03-23 00:34:14,485 INFO o.h.a.c.Version [main] HCANN000001: Hibernate Commons Annotations {5.1.0.Final}
2020-03-23 00:34:15,067 INFO o.h.d.Dialect [main] HHH000400: Using dialect: org.hibernate.dialect.H2Dialect
2020-03-23 00:34:16,250 INFO o.h.e.t.j.p.i.JtaPlatformInitiator [main] HHH000490: Using JtaPlatform implementation: [org.hibernate.engine.transaction.jta.platform.internal.NoJtaPlatform]
2020-03-23 00:34:16,270 INFO o.s.o.j.LocalContainerEntityManagerFactoryBean [main] Initialized JPA EntityManagerFactory for persistence unit 'default'
2020-03-23 00:34:16,983 INFO f.e.q.t.TestQuestionDAO [main] question id 1
2020-03-23 00:34:16,994 INFO o.s.o.j.LocalContainerEntityManagerFactoryBean [SpringContextShutdownHook] Closing JPA EntityManagerFactory for persistence unit 'default'
2020-03-23 00:35:54,166 INFO o.s.t.c.s.DefaultTestContextBootstrapper [main] Loaded default TestExecutionListener class names from location [META-INF/spring.factories]: [org.springframework.test.context.web.ServletTestExecutionListener, org.springframework.test.context.support.DirtiesContextBeforeModesTestExecutionListener, org.springframework.test.context.support.DependencyInjectionTestExecutionListener, org.springframework.test.context.support.DirtiesContextTestExecutionListener, org.springframework.test.context.transaction.TransactionalTestExecutionListener, org.springframework.test.context.jdbc.SqlScriptsTestExecutionListener, org.springframework.test.context.event.EventPublishingTestExecutionListener]
2020-03-23 00:35:54,184 INFO o.s.t.c.s.DefaultTestContextBootstrapper [main] Using TestExecutionListeners: [org.springframework.test.context.support.DirtiesContextBeforeModesTestExecutionListener@1dd6d4b7, org.springframework.test.context.support.DependencyInjectionTestExecutionListener@56e8b606, org.springframework.test.context.support.DirtiesContextTestExecutionListener@2dd29a59, org.springframework.test.context.transaction.TransactionalTestExecutionListener@784c3487, org.springframework.test.context.jdbc.SqlScriptsTestExecutionListener@53142455, org.springframework.test.context.event.EventPublishingTestExecutionListener@40dff0b7]
2020-03-23 00:35:55,058 INFO o.h.j.i.u.LogHelper [main] HHH000204: Processing PersistenceUnitInfo [name: default]
2020-03-23 00:35:55,269 INFO o.h.Version [main] HHH000412: Hibernate ORM core version 5.4.12.Final
2020-03-23 00:35:55,498 INFO o.h.a.c.Version [main] HCANN000001: Hibernate Commons Annotations {5.1.0.Final}
2020-03-23 00:35:56,161 INFO o.h.d.Dialect [main] HHH000400: Using dialect: org.hibernate.dialect.H2Dialect
2020-03-23 00:35:57,421 INFO o.h.e.t.j.p.i.JtaPlatformInitiator [main] HHH000490: Using JtaPlatform implementation: [org.hibernate.engine.transaction.jta.platform.internal.NoJtaPlatform]
2020-03-23 00:35:57,435 INFO o.s.o.j.LocalContainerEntityManagerFactoryBean [main] Initialized JPA EntityManagerFactory for persistence unit 'default'
2020-03-23 00:36:57,202 INFO o.s.t.c.s.DefaultTestContextBootstrapper [main] Loaded default TestExecutionListener class names from location [META-INF/spring.factories]: [org.springframework.test.context.web.ServletTestExecutionListener, org.springframework.test.context.support.DirtiesContextBeforeModesTestExecutionListener, org.springframework.test.context.support.DependencyInjectionTestExecutionListener, org.springframework.test.context.support.DirtiesContextTestExecutionListener, org.springframework.test.context.transaction.TransactionalTestExecutionListener, org.springframework.test.context.jdbc.SqlScriptsTestExecutionListener, org.springframework.test.context.event.EventPublishingTestExecutionListener]
2020-03-23 00:36:57,222 INFO o.s.t.c.s.DefaultTestContextBootstrapper [main] Using TestExecutionListeners: [org.springframework.test.context.support.DirtiesContextBeforeModesTestExecutionListener@1dd6d4b7, org.springframework.test.context.support.DependencyInjectionTestExecutionListener@56e8b606, org.springframework.test.context.support.DirtiesContextTestExecutionListener@2dd29a59, org.springframework.test.context.transaction.TransactionalTestExecutionListener@784c3487, org.springframework.test.context.jdbc.SqlScriptsTestExecutionListener@53142455, org.springframework.test.context.event.EventPublishingTestExecutionListener@40dff0b7]
2020-03-23 00:36:58,031 INFO o.h.j.i.u.LogHelper [main] HHH000204: Processing PersistenceUnitInfo [name: default]
2020-03-23 00:36:58,137 INFO o.h.Version [main] HHH000412: Hibernate ORM core version 5.4.12.Final
2020-03-23 00:36:58,360 INFO o.h.a.c.Version [main] HCANN000001: Hibernate Commons Annotations {5.1.0.Final}
2020-03-23 00:36:59,023 INFO o.h.d.Dialect [main] HHH000400: Using dialect: org.hibernate.dialect.H2Dialect
2020-03-23 00:37:00,231 INFO o.h.e.t.j.p.i.JtaPlatformInitiator [main] HHH000490: Using JtaPlatform implementation: [org.hibernate.engine.transaction.jta.platform.internal.NoJtaPlatform]
2020-03-23 00:37:00,255 INFO o.s.o.j.LocalContainerEntityManagerFactoryBean [main] Initialized JPA EntityManagerFactory for persistence unit 'default'
2020-03-23 00:37:00,734 ERROR f.e.q.t.TestExamDataService [main] null
2020-03-23 00:44:17,152 ERROR f.e.q.t.TestExamDataService [main] null
2020-03-23 00:47:08,978 ERROR f.e.q.t.TestExamDataService [main] java.lang.NullPointerException
2020-03-23 00:52:07,015 ERROR f.e.q.t.TestExamDataService [main] java.lang.NullPointerException
2020-03-23 00:52:34,332 ERROR f.e.q.t.TestExamDataService [main] null
2020-03-23 01:23:52,632 ERROR f.e.q.t.TestExamDataService [main] java.lang.NullPointerException
2020-03-23 01:25:44,717 ERROR f.e.q.t.TestExamDataService [main] java.lang.NullPointerException
2020-03-23 01:26:19,106 ERROR f.e.q.t.TestExamDataService [main] java.lang.NullPointerException
2020-03-23 01:26:52,010 ERROR f.e.q.t.TestExamDataService [main] java.lang.NullPointerException
2020-03-23 01:36:06,950 ERROR f.e.q.t.TestExamDataService [main] java.lang.IllegalArgumentException: id to load is required for loading
2020-03-23 01:37:02,739 ERROR f.e.q.t.TestExamDataService [main] java.lang.IllegalArgumentException: id to load is required for loading
2020-03-23 01:38:32,290 ERROR f.e.q.t.TestExamDataService [main] java.lang.IllegalArgumentException: id to load is required for loading
2020-03-23 01:39:07,289 ERROR f.e.q.t.TestExamDataService [main] java.lang.IllegalArgumentException: id to load is required for loading
2020-03-23 01:39:44,943 ERROR f.e.q.t.TestExamDataService [main] java.lang.IllegalArgumentException: id to load is required for loading
2020-03-23 01:42:41,719 ERROR f.e.q.t.TestExamDataService [main] org.hibernate.LazyInitializationException: failed to lazily initialize a collection of role: fr.epita.quizmanager.datamodel.Question.answers, could not initialize proxy - no Session
2020-03-23 01:43:32,144 ERROR f.e.q.t.TestExamDataService [main] java.lang.NullPointerException
2020-03-23 01:46:16,812 ERROR f.e.q.t.TestExamDataService [main] java.lang.NullPointerException
2020-03-23 01:49:24,822 ERROR f.e.q.t.TestExamDataService [main] java.lang.NullPointerException
